iMPACT Version: 14.7

iMPACT log file Started on Sat Jan 18 21:12:18 2014

Welcome to iMPACT
iMPACT Version: 14.7
The setting has been saved, to change the settings, please go toEdit->Preferences.// *** BATCH CMD : setPreference -pref StartupClock:AUTO_CORRECTION
// *** BATCH CMD : setPreference -pref AutoSignature:FALSE
// *** BATCH CMD : setPreference -pref KeepSVF:FALSE
// *** BATCH CMD : setPreference -pref ConcurrentMode:FALSE
// *** BATCH CMD : setPreference -pref UseHighz:FALSE
// *** BATCH CMD : setPreference -pref svfUseTime:FALSE
// *** BATCH CMD : setPreference -pref SpiByteSwap:AUTO_CORRECTION
// *** BATCH CMD : setPreference -pref AutoInfer:TRUE
// *** BATCH CMD : setPreference -pref SvfPlayDisplayComments:FALSE
// *** BATCH CMD : loadProjectFile -file"/home/joefitz/Documents/Projects/JTAGkey/JTAGkey.ipf"
'1': Loading file '/home/joefitz/Documents/Projects/JTAGkey/JTAGkey.jed' ...
done.
INFO:iMPACT:1777 - 
   Reading /opt/Xilinx/14.7/ISE_DS/ISE/xbr/data/xc2c64a.bsd...
INFO:iMPACT:501 - '1': Added Device xc2c64a successfully.
----------------------------------------------------------------------
Active mode is BS
// *** BATCH CMD : setMode -ss
// *** BATCH CMD : setMode -sm
// *** BATCH CMD : setMode -hw140
// *** BATCH CMD : setMode -spi
// *** BATCH CMD : setMode -acecf
// *** BATCH CMD : setMode -acempm
// *** BATCH CMD : setMode -pff
// *** BATCH CMD : setMode -bs
Project: '/home/joefitz/Documents/Projects/JTAGkey/JTAGkey.ipf' loaded.
// *** BATCH CMD : setMode -bs
// *** BATCH CMD : deleteDevice -position 1
// *** BATCH CMD : setMode -bs
// *** BATCH CMD : setMode -ss
// *** BATCH CMD : setMode -sm
// *** BATCH CMD : setMode -hw140
// *** BATCH CMD : setMode -spi
// *** BATCH CMD : setMode -acecf
// *** BATCH CMD : setMode -acempm
// *** BATCH CMD : setMode -pff
Welcome to iMPACT
iMPACT Version: 14.7
// *** BATCH CMD : setMode -bs
// *** BATCH CMD : setCable -port svf -file"/home/joefitz/Documents/Projects/bbv3/bbv3-jtagkey.svf"
// *** BATCH CMD : addDevice -p 1 -file"/home/joefitz/Documents/Projects/bbv3/bbv3-jtagkey/jtagkey.jed"
'1': Loading file'/home/joefitz/Documents/Projects/bbv3/bbv3-jtagkey/jtagkey.jed' ...
done.
INFO:iMPACT:1777 - 
   Reading /opt/Xilinx/14.7/ISE_DS/ISE/xbr/data/xc2c32a.bsd...
INFO:iMPACT:501 - '1': Added Device xc2c32a successfully.
----------------------------------------------------------------------
INFO:iMPACT - Current time: 1/18/14 9:14 PM
// *** BATCH CMD : Program -p 1 -e -v 

'1': Erasing device...
'1': Erasure completed successfully.
'1': Programming device...
done.
'1': Verifying device...
done.
'1': Setting ISC done bits...done
'1': Programming completed successfully.
PROGRESS_START - Starting Operation.
PROGRESS_END - End Operation.
Elapsed time =      1 sec.
INFO:iMPACT - SVF file 'default.svf' will be generated in   '/home/joefitz/Documents/Projects/bbv3/bbv3-jtagkey' using preset options   listed below.
INFO:iMPACT - Any pre-selected programming properties will not alter this   output.
INFO:iMPACT - Current time: 1/18/14 9:14 PM
// *** BATCH CMD : expresssvf -p 1 -program -erase -verify -file"/home/joefitz/Documents/Projects/bbv3/bbv3-jtagkey/default.svf" 
One step SVF/XSVF operation will close any existing cable connections.
 Please reconnect your cable after the completion of the one-step operation.

'1': Erasing device...done.
'1': Erasure completed successfully.
done.
'1': Erasure completed successfully.
'1': Programming device...done.
'1': Verifying device...
PROGRESS_START - Starting Operation.
done.
'1': Setting ISC done bits...done
'1': Programming completed successfully.
PROGRESS_END - End Operation.
Elapsed time =      0 sec.
// *** BATCH CMD : setMode -bs
// *** BATCH CMD : setMode -ss
// *** BATCH CMD : setMode -sm
// *** BATCH CMD : setMode -hw140
// *** BATCH CMD : setMode -spi
// *** BATCH CMD : setMode -acecf
// *** BATCH CMD : setMode -acempm
// *** BATCH CMD : setMode -pff
// *** BATCH CMD : setMode -bs
// *** BATCH CMD : saveProjectFile -file"/home/joefitz/Documents/Projects/bbv3/bbv3-jtagkey/bbv3-jtagkey.ipf"
INFO:iMPACT - User_EnvOsname: 'Ubuntu'
INFO:iMPACT - User_EnvOsrelease: 'Ubuntu 12.04.4 LTS'
// *** BATCH CMD : setMode -bs
INFO:iMPACT - Launching WebTalk, please refer to the webtalk log at   /home/joefitz/Documents/Projects/bbv3/bbv3-jtagkey/webtalk.log for details.
INFO:iMPACT - Running wbtc successfully.
// *** BATCH CMD : setMode -bs
// *** BATCH CMD : deleteDevice -position 1
// *** BATCH CMD : setMode -bs
// *** BATCH CMD : setMode -ss
// *** BATCH CMD : setMode -sm
// *** BATCH CMD : setMode -hw140
// *** BATCH CMD : setMode -spi
// *** BATCH CMD : setMode -acecf
// *** BATCH CMD : setMode -acempm
// *** BATCH CMD : setMode -pff
